This is pdfTeX, Version 3.14159265-2.6-1.40.16 (TeX Live 2015/Debian) (preloaded format=pdflatex 2018.4.11)  18 JUL 2018 15:05
entering extended mode
 restricted \write18 enabled.
 %&-line parsing enabled.
**scroll.tex
(./scroll.tex
LaTeX2e <2016/02/01>
Babel <3.9q> and hyphenation patterns for 3 language(s) loaded.
(/usr/share/texlive/texmf-dist/tex/latex/base/book.cls
Document Class: book 2014/09/29 v1.4h Standard LaTeX document class
(/usr/share/texlive/texmf-dist/tex/latex/base/bk11.clo
File: bk11.clo 2014/09/29 v1.4h Standard LaTeX file (size option)
)
\c@part=\count79
\c@chapter=\count80
\c@section=\count81
\c@subsection=\count82
\c@subsubsection=\count83
\c@paragraph=\count84
\c@subparagraph=\count85
\c@figure=\count86
\c@table=\count87
\abovecaptionskip=\skip41
\belowcaptionskip=\skip42
\bibindent=\dimen102
)
(/usr/share/texlive/texmf-dist/tex/latex/graphics/graphicx.sty
Package: graphicx 2014/10/28 v1.0g Enhanced LaTeX Graphics (DPC,SPQR)

(/usr/share/texlive/texmf-dist/tex/latex/graphics/keyval.sty
Package: keyval 2014/10/28 v1.15 key=value parser (DPC)
\KV@toks@=\toks14
)
(/usr/share/texlive/texmf-dist/tex/latex/graphics/graphics.sty
Package: graphics 2016/01/03 v1.0q Standard LaTeX Graphics (DPC,SPQR)

(/usr/share/texlive/texmf-dist/tex/latex/graphics/trig.sty
Package: trig 2016/01/03 v1.10 sin cos tan (DPC)
)
(/usr/share/texlive/texmf-dist/tex/latex/latexconfig/graphics.cfg
File: graphics.cfg 2010/04/23 v1.9 graphics configuration of TeX Live
)
Package graphics Info: Driver file: pdftex.def on input line 95.

(/usr/share/texlive/texmf-dist/tex/latex/pdftex-def/pdftex.def
File: pdftex.def 2011/05/27 v0.06d Graphics/color for pdfTeX

(/usr/share/texlive/texmf-dist/tex/generic/oberdiek/infwarerr.sty
Package: infwarerr 2010/04/08 v1.3 Providing info/warning/error messages (HO)
)
(/usr/share/texlive/texmf-dist/tex/generic/oberdiek/ltxcmds.sty
Package: ltxcmds 2011/11/09 v1.22 LaTeX kernel commands for general use (HO)
)
\Gread@gobject=\count88
))
\Gin@req@height=\dimen103
\Gin@req@width=\dimen104
)
(./scroll.aux)
\openout1 = `scroll.aux'.

LaTeX Font Info:    Checking defaults for OML/cmm/m/it on input line 5.
LaTeX Font Info:    ... okay on input line 5.
LaTeX Font Info:    Checking defaults for T1/cmr/m/n on input line 5.
LaTeX Font Info:    ... okay on input line 5.
LaTeX Font Info:    Checking defaults for OT1/cmr/m/n on input line 5.
LaTeX Font Info:    ... okay on input line 5.
LaTeX Font Info:    Checking defaults for OMS/cmsy/m/n on input line 5.
LaTeX Font Info:    ... okay on input line 5.
LaTeX Font Info:    Checking defaults for OMX/cmex/m/n on input line 5.
LaTeX Font Info:    ... okay on input line 5.
LaTeX Font Info:    Checking defaults for U/cmr/m/n on input line 5.
LaTeX Font Info:    ... okay on input line 5.
 (/usr/share/texlive/texmf-dist/tex/context/base/supp-pdf.mkii
[Loading MPS to PDF converter (version 2006.09.02).]
\scratchcounter=\count89
\scratchdimen=\dimen105
\scratchbox=\box26
\nofMPsegments=\count90
\nofMParguments=\count91
\everyMPshowfont=\toks15
\MPscratchCnt=\count92
\MPscratchDim=\dimen106
\MPnumerator=\count93
\makeMPintoPDFobject=\count94
\everyMPtoPDFconversion=\toks16
) (/usr/share/texlive/texmf-dist/tex/generic/oberdiek/pdftexcmds.sty
Package: pdftexcmds 2011/11/29 v0.20 Utility functions of pdfTeX for LuaTeX (HO
)

(/usr/share/texlive/texmf-dist/tex/generic/oberdiek/ifluatex.sty
Package: ifluatex 2010/03/01 v1.3 Provides the ifluatex switch (HO)
Package ifluatex Info: LuaTeX not detected.
)
(/usr/share/texlive/texmf-dist/tex/generic/oberdiek/ifpdf.sty
Package: ifpdf 2011/01/30 v2.3 Provides the ifpdf switch (HO)
Package ifpdf Info: pdfTeX in PDF mode is detected.
)
Package pdftexcmds Info: LuaTeX not detected.
Package pdftexcmds Info: \pdf@primitive is available.
Package pdftexcmds Info: \pdf@ifprimitive is available.
Package pdftexcmds Info: \pdfdraftmode found.
)
(/usr/share/texlive/texmf-dist/tex/latex/oberdiek/epstopdf-base.sty
Package: epstopdf-base 2010/02/09 v2.5 Base part for package epstopdf

(/usr/share/texlive/texmf-dist/tex/latex/oberdiek/grfext.sty
Package: grfext 2010/08/19 v1.1 Manage graphics extensions (HO)

(/usr/share/texlive/texmf-dist/tex/generic/oberdiek/kvdefinekeys.sty
Package: kvdefinekeys 2011/04/07 v1.3 Define keys (HO)
))
(/usr/share/texlive/texmf-dist/tex/latex/oberdiek/kvoptions.sty
Package: kvoptions 2011/06/30 v3.11 Key value format for package options (HO)

(/usr/share/texlive/texmf-dist/tex/generic/oberdiek/kvsetkeys.sty
Package: kvsetkeys 2012/04/25 v1.16 Key value parser (HO)

(/usr/share/texlive/texmf-dist/tex/generic/oberdiek/etexcmds.sty
Package: etexcmds 2011/02/16 v1.5 Avoid name clashes with e-TeX commands (HO)
Package etexcmds Info: Could not find \expanded.
(etexcmds)             That can mean that you are not using pdfTeX 1.50 or
(etexcmds)             that some package has redefined \expanded.
(etexcmds)             In the latter case, load this package earlier.
)))
Package grfext Info: Graphics extension search list:
(grfext)             [.png,.pdf,.jpg,.mps,.jpeg,.jbig2,.jb2,.PNG,.PDF,.JPG,.JPE
G,.JBIG2,.JB2,.eps]
(grfext)             \AppendGraphicsExtensions on input line 452.

(/usr/share/texlive/texmf-dist/tex/latex/latexconfig/epstopdf-sys.cfg
File: epstopdf-sys.cfg 2010/07/13 v1.3 Configuration of (r)epstopdf for TeX Liv
e
))
<../figures/vesica.png, id=1, 242.78203pt x 161.47829pt>
File: ../figures/vesica.png Graphic file (type png)

<use ../figures/vesica.png>
Package pdftex.def Info: ../figures/vesica.png used on input line 12.
(pdftex.def)             Requested size: 360.0pt x 239.43993pt.

<../figures/vesicacode.png, id=3, 249.55734pt x 104.26453pt>
File: ../figures/vesicacode.png Graphic file (type png)

<use ../figures/vesicacode.png>
Package pdftex.def Info: ../figures/vesicacode.png used on input line 20.
(pdftex.def)             Requested size: 360.0pt x 150.4224pt.

<../figures/squarecircles.png, id=4, 254.45062pt x 249.93375pt>
File: ../figures/squarecircles.png Graphic file (type png)

<use ../figures/squarecircles.png>
Package pdftex.def Info: ../figures/squarecircles.png used on input line 28.
(pdftex.def)             Requested size: 360.0pt x 353.6232pt.

<../figures/squarecirclescode.png, id=5, 292.09125pt x 74.15204pt>
File: ../figures/squarecirclescode.png Graphic file (type png)

<use ../figures/squarecirclescode.png>
Package pdftex.def Info: ../figures/squarecirclescode.png used on input line 36
.
(pdftex.def)             Requested size: 360.0pt x 91.39992pt.

<../figures/triangle1.png, id=6, 185.56828pt x 162.9839pt>
File: ../figures/triangle1.png Graphic file (type png)

<use ../figures/triangle1.png>
Package pdftex.def Info: ../figures/triangle1.png used on input line 44.
(pdftex.def)             Requested size: 360.0pt x 316.19333pt.

<../figures/spelltriangle1.png, id=7, 249.93375pt x 39.89906pt>
File: ../figures/spelltriangle1.png Graphic file (type png)

<use ../figures/spelltriangle1.png>
Package pdftex.def Info: ../figures/spelltriangle1.png used on input line 52.
(pdftex.def)             Requested size: 360.0pt x 57.47588pt.

<../figures/trianglefractal1.png, id=8, 154.32657pt x 171.64125pt>
File: ../figures/trianglefractal1.png Graphic file (type png)

<use ../figures/trianglefractal1.png>
Package pdftex.def Info: ../figures/trianglefractal1.png used on input line 60.

(pdftex.def)             Requested size: 360.0pt x 400.42363pt.

<../figures/triangle1fractalspell.png, id=9, 197.23688pt x 36.135pt>
File: ../figures/triangle1fractalspell.png Graphic file (type png)

<use ../figures/triangle1fractalspell.png>
Package pdftex.def Info: ../figures/triangle1fractalspell.png used on input lin
e 68.
(pdftex.def)             Requested size: 360.0pt x 65.95984pt.

<../figures/spelltriangleshape.png, id=10, 574.39594pt x 76.03406pt>
File: ../figures/spelltriangleshape.png Graphic file (type png)

<use ../figures/spelltriangleshape.png>
Package pdftex.def Info: ../figures/spelltriangleshape.png used on input line 7
6.
(pdftex.def)             Requested size: 360.0pt x 47.65457pt.

<../figures/koch0.png, id=11, 102.00609pt x 165.24234pt>
File: ../figures/koch0.png Graphic file (type png)

<use ../figures/koch0.png>
Package pdftex.def Info: ../figures/koch0.png used on input line 84.
(pdftex.def)             Requested size: 360.0pt x 583.20546pt.


LaTeX Warning: Float too large for page by 94.7344pt on input line 87.

<../figures/koch1.png, id=12, 476.90672pt x 54.5789pt>
File: ../figures/koch1.png Graphic file (type png)

<use ../figures/koch1.png>
Package pdftex.def Info: ../figures/koch1.png used on input line 92.
(pdftex.def)             Requested size: 360.0pt x 41.20222pt.

<../figures/koch2.png, id=13, 450.9347pt x 234.1247pt>
File: ../figures/koch2.png Graphic file (type png)

<use ../figures/koch2.png>
Package pdftex.def Info: ../figures/koch2.png used on input line 100.
(pdftex.def)             Requested size: 360.0pt x 186.92133pt.

<../figures/koch3.png, id=14, 329.73187pt x 289.08pt>
File: ../figures/koch3.png Graphic file (type png)

<use ../figures/koch3.png>
Package pdftex.def Info: ../figures/koch3.png used on input line 108.
(pdftex.def)             Requested size: 360.0pt x 315.62468pt.

<../figures/root2triangle1.png, id=15, 270.6361pt x 277.78781pt>
File: ../figures/root2triangle1.png Graphic file (type png)

<use ../figures/root2triangle1.png>
Package pdftex.def Info: ../figures/root2triangle1.png used on input line 116.
(pdftex.def)             Requested size: 360.0pt x 369.52518pt.

<../figures/spelltriangle45.png, id=16, 449.42906pt x 194.97844pt>
File: ../figures/spelltriangle45.png Graphic file (type png)

<use ../figures/spelltriangle45.png>
Package pdftex.def Info: ../figures/spelltriangle45.png used on input line 124.

(pdftex.def)             Requested size: 360.0pt x 156.18823pt.

<../figures/golden1.png, id=17, 182.93344pt x 251.06297pt>
File: ../figures/golden1.png Graphic file (type png)

<use ../figures/golden1.png>
Package pdftex.def Info: ../figures/golden1.png used on input line 133.
(pdftex.def)             Requested size: 360.0pt x 494.14491pt.
LaTeX Font Info:    External font `cmex10' loaded for size
(Font)              <10.95> on input line 135.
LaTeX Font Info:    External font `cmex10' loaded for size
(Font)              <8> on input line 135.
LaTeX Font Info:    External font `cmex10' loaded for size
(Font)              <6> on input line 135.

<../figures/spellgolden1.png, id=18, 656.0761pt x 112.54547pt>
File: ../figures/spellgolden1.png Graphic file (type png)

<use ../figures/spellgolden1.png>
Package pdftex.def Info: ../figures/spellgolden1.png used on input line 141.
(pdftex.def)             Requested size: 360.0pt x 61.75594pt.
 [1{/var/lib/texmf/fonts/map/pdftex/updmap/pdftex.map}


Non-PDF special ignored! <../figures/vesica.png>] [2 <../figures/vesicacode.png
>] [3 <../figures/squarecircles.png> <../figures/squarecirclescode.png>]
[4 <../figures/triangle1.png> <../figures/spelltriangle1.png>] [5 <../figures/t
rianglefractal1.png> <../figures/triangle1fractalspell.png>] [6 <../figures/spe
lltriangleshape.png>] [7 <../figures/koch0.png>] [8 <../figures/koch1.png> <../
figures/koch2.png>] [9 <../figures/koch3.png>] [10 <../figures/root2triangle1.p
ng>] [11 <../figures/spelltriangle45.png>] [12 <../figures/golden1.png>]
[13 <../figures/spellgolden1.png>] (./scroll.aux) ) 
Here is how much of TeX's memory you used:
 1590 strings out of 494953
 23714 string characters out of 6180977
 79162 words of memory out of 5000000
 4869 multiletter control sequences out of 15000+600000
 7337 words of font info for 26 fonts, out of 8000000 for 9000
 14 hyphenation exceptions out of 8191
 37i,5n,23p,565b,220s stack positions out of 5000i,500n,10000p,200000b,80000s
</usr/share/texlive/texmf-di
st/fonts/type1/public/amsfonts/cm/cmbx12.pfb></usr/share/texlive/texmf-dist/fon
ts/type1/public/amsfonts/cm/cmmi10.pfb></usr/share/texlive/texmf-dist/fonts/typ
e1/public/amsfonts/cm/cmr10.pfb></usr/share/texlive/texmf-dist/fonts/type1/publ
ic/amsfonts/cm/cmr8.pfb></usr/share/texlive/texmf-dist/fonts/type1/public/amsfo
nts/cm/cmsl10.pfb></usr/share/texlive/texmf-dist/fonts/type1/public/amsfonts/cm
/cmsy8.pfb>
Output written on scroll.pdf (13 pages, 544497 bytes).
PDF statistics:
 106 PDF objects out of 1000 (max. 8388607)
 50 compressed objects within 1 object stream
 0 named destinations out of 1000 (max. 500000)
 86 words of extra memory for PDF output out of 10000 (max. 10000000)

